<?xml version="1.0" encoding="UTF-8"?>
<!-- Generated by org.testng.reporters.JUnitReportReporter -->
<testsuite hostname="QSP" failures="0" tests="2" name="demo.Test1" time="21.438" errors="0" timestamp="2021-08-31T08:32:04 IST" skipped="0">
  <testcase classname="demo.Test1" name="demo" time="10.694"/>
  <testcase classname="demo.Test1" name="demo" time="10.744"/>
</testsuite> <!-- demo.Test1 -->
