<?xml version="1.0" encoding="UTF-8"?>
<!-- Generated by org.testng.reporters.JUnitReportReporter -->
<testsuite hostname="QSP" failures="0" tests="1" name="testng.Testcase3" time="17.590" errors="0" timestamp="2021-08-22T12:43:53 IST" skipped="0">
  <testcase classname="testng.Testcase3" name="createApage" time="17.590"/>
</testsuite> <!-- testng.Testcase3 -->
