<?xml version="1.0" encoding="UTF-8"?>
<!-- Generated by org.testng.reporters.JUnitReportReporter -->
<testsuite hostname="QSP" failures="0" tests="1" name="testng.Testcase2" time="8.958" errors="0" timestamp="2021-08-22T12:43:53 IST" skipped="0">
  <testcase classname="testng.Testcase2" name="forgotpassword" time="8.958"/>
</testsuite> <!-- testng.Testcase2 -->
