<?xml version="1.0" encoding="UTF-8"?>
<!-- Generated by org.testng.reporters.JUnitReportReporter -->
<testsuite hostname="QSP" failures="0" tests="1" name="testng.Parallel" time="35.094" errors="0" timestamp="2021-08-22T12:57:44 IST" skipped="0">
  <testcase classname="testng.Parallel" name="demo" time="35.094"/>
</testsuite> <!-- testng.Parallel -->
