<?xml version="1.0" encoding="UTF-8"?>
<!-- Generated by org.testng.reporters.JUnitReportReporter -->
<testsuite hostname="QSP" failures="0" tests="1" name="testng.Test0" time="0.020" errors="0" timestamp="2021-08-22T11:26:45 IST" skipped="0">
  <testcase classname="testng.Test0" name="demo" time="0.020"/>
</testsuite> <!-- testng.Test0 -->
